==174== Memcheck, a memory error detector
==174== Copyright (C) 2002-2017, and GNU GPL'd, by Julian Seward et al.
==174== Using Valgrind-3.18.1 and LibVEX; rerun with -h for copyright info
==174== Command: /tmp/tmpkz7b6t1u/student/build//bin/tests
==174== 
Running main() from /tmp/tmpkz7b6t1u/student/tests/lib/googletest/src/gtest_main.cc
[==========] Running 14 tests from 2 test suites.
[----------] Global test environment set-up.
[----------] 6 tests from FractionTester
[ RUN      ] FractionTester.constructionAndGetters_expectedValuesFromConstructorReadableByGetters
[       OK ] FractionTester.constructionAndGetters_expectedValuesFromConstructorReadableByGetters (22 ms)
[ RUN      ] FractionTester.settersForMembers_expectedValuesChangesWithoutReduction
[       OK ] FractionTester.settersForMembers_expectedValuesChangesWithoutReduction (4 ms)
[ RUN      ] FractionTester.fractionMultiplyResultFractionImpossibleForReduction_expectedSimpleMultiplyingWorking
[       OK ] FractionTester.fractionMultiplyResultFractionImpossibleForReduction_expectedSimpleMultiplyingWorking (6 ms)
[ RUN      ] FractionTester.fractionAdditionResultFractionImpossibleForReduction_expectedSimpleAdditionWorking
[       OK ] FractionTester.fractionAdditionResultFractionImpossibleForReduction_expectedSimpleAdditionWorking (4 ms)
[ RUN      ] FractionTester.settingInvalidDenominarrInConstructor_expectedThrow
[       OK ] FractionTester.settingInvalidDenominarrInConstructor_expectedThrow (42 ms)
[ RUN      ] FractionTester.fractionAdditionWithCommonDenominator_expectedReduction
[       OK ] FractionTester.fractionAdditionWithCommonDenominator_expectedReduction (3 ms)
[----------] 6 tests from FractionTester (95 ms total)

[----------] 8 tests from VectorTest
[ RUN      ] VectorTest.constructionAndGetters_expectedValuesFromConstructorReadableByGetters
[       OK ] VectorTest.constructionAndGetters_expectedValuesFromConstructorReadableByGetters (11 ms)
[ RUN      ] VectorTest.destructOfNotEmptyVector_expectedMemoryFreedOnce
/tmp/tmpkz7b6t1u/student/tests/vectorTests.cpp:124: Failure
Expected equality of these values:
  expectedReallocations
    Which is: 1
  MyOwnMemoryManagement::deletions
    Which is: 0
[  FAILED  ] VectorTest.destructOfNotEmptyVector_expectedMemoryFreedOnce (54 ms)
[ RUN      ] VectorTest.addingMultipleElementsWithoutReallocation_expectedSizeIncreasesButCapacityDoesNot
[       OK ] VectorTest.addingMultipleElementsWithoutReallocation_expectedSizeIncreasesButCapacityDoesNot (4 ms)
[ RUN      ] VectorTest.accessingWithIndexOperator_expectedProperElementsInProperPlaces
[       OK ] VectorTest.accessingWithIndexOperator_expectedProperElementsInProperPlaces (4 ms)
[ RUN      ] VectorTest.copyAndMoveConstructor_expectedSuccessfulCopyAndMove
/tmp/tmpkz7b6t1u/student/tests/vectorTests.cpp:189: Failure
Expected equality of these values:
  expectedCapacityAfterMoving
    Which is: 0
  v.size()
    Which is: 3
/tmp/tmpkz7b6t1u/student/tests/vectorTests.cpp:190: Failure
Expected equality of these values:
  expectedCapacityAfterMoving
    Which is: 0
  v.capacity()
    Which is: 3
[  FAILED  ] VectorTest.copyAndMoveConstructor_expectedSuccessfulCopyAndMove (28 ms)
[ RUN      ] VectorTest.assignmentOperatorCopyingAndMoving_expectedSuccessfulCopyAndMove
[       OK ] VectorTest.assignmentOperatorCopyingAndMoving_expectedSuccessfulCopyAndMove (14 ms)
[ RUN      ] VectorTest.accessingWithIndexOperatorOutOfRange_expectedExceptionWhenOutOfRange
[       OK ] VectorTest.accessingWithIndexOperatorOutOfRange_expectedExceptionWhenOutOfRange (6 ms)
[ RUN      ] VectorTest.addingElementsWithReallocationNecessairy
/tmp/tmpkz7b6t1u/student/tests/vectorTests.cpp:278: Failure
Expected equality of these values:
  v.size()
    Which is: 3
  v.capacity()
    Which is: 4
i = 2, Current: , Expected: array(3) = {
[  FAILED  ] VectorTest.addingElementsWithReallocationNecessairy (16 ms)
[----------] 8 tests from VectorTest (144 ms total)

[----------] Global test environment tear-down
[==========] 14 tests from 2 test suites ran. (297 ms total)
[  PASSED  ] 11 tests.
[  FAILED  ] 3 tests, listed below:
[  FAILED  ] VectorTest.destructOfNotEmptyVector_expectedMemoryFreedOnce
[  FAILED  ] VectorTest.copyAndMoveConstructor_expectedSuccessfulCopyAndMove
[  FAILED  ] VectorTest.addingElementsWithReallocationNecessairy

 3 FAILED TESTS
==174== 
==174== HEAP SUMMARY:
==174==     in use at exit: 0 bytes in 0 blocks
==174==   total heap usage: 563 allocs, 563 frees, 170,426 bytes allocated
==174== 
==174== All heap blocks were freed -- no leaks are possible
==174== 
==174== For lists of detected and suppressed errors, rerun with: -s
==174== ERROR SUMMARY: 0 errors from 0 contexts (suppressed: 0 from 0)
