==174== Memcheck, a memory error detector
==174== Copyright (C) 2002-2017, and GNU GPL'd, by Julian Seward et al.
==174== Using Valgrind-3.18.1 and LibVEX; rerun with -h for copyright info
==174== Command: /tmp/tmpi1w2eavk/student/build//bin/tests
==174== 
Running main() from /tmp/tmpi1w2eavk/student/tests/lib/googletest/src/gtest_main.cc
[==========] Running 12 tests from 3 test suites.
[----------] Global test environment set-up.
[----------] 4 tests from RectangleTester
[ RUN      ] RectangleTester.constructorOfRectangleStartingInBeginningOfSystemCoordinate
[       OK ] RectangleTester.constructorOfRectangleStartingInBeginningOfSystemCoordinate (22 ms)
[ RUN      ] RectangleTester.isInMethodOfRectangleStartingInBeginningOfCoordinateSystem
[       OK ] RectangleTester.isInMethodOfRectangleStartingInBeginningOfCoordinateSystem (6 ms)
[ RUN      ] RectangleTester.isInMethodOfRectangleStartingNotInBeginningOfCoordinateSystem
[       OK ] RectangleTester.isInMethodOfRectangleStartingNotInBeginningOfCoordinateSystem (5 ms)
[ RUN      ] RectangleTester.constructorOfRectangleWithBothSitesEqualToZero
[       OK ] RectangleTester.constructorOfRectangleWithBothSitesEqualToZero (3 ms)
[----------] 4 tests from RectangleTester (49 ms total)

[----------] 4 tests from CircleTester
[ RUN      ] CircleTester.constructorOfCircleStartingInBeginningOfCoordinateSystem
[       OK ] CircleTester.constructorOfCircleStartingInBeginningOfCoordinateSystem (4 ms)
[ RUN      ] CircleTester.isInMethodOfCircleStartingInBeginningOfCoordinateSystem
[       OK ] CircleTester.isInMethodOfCircleStartingInBeginningOfCoordinateSystem (10 ms)
[ RUN      ] CircleTester.isInMethodOfCircleStartingNotInBeginningOfCoordinateSystem
[       OK ] CircleTester.isInMethodOfCircleStartingNotInBeginningOfCoordinateSystem (6 ms)
[ RUN      ] CircleTester.constructorOfCircleWithRadiusEqualToZero
[       OK ] CircleTester.constructorOfCircleWithRadiusEqualToZero (3 ms)
[----------] 4 tests from CircleTester (25 ms total)

[----------] 4 tests from ShapeCompositeTester
[ RUN      ] ShapeCompositeTester.sumOfSqhareAndCircle
/tmp/tmpi1w2eavk/student/tests/shapesTests.cpp:319: Failure
Failed
Required classes not implemented not implemented!
[  FAILED  ] ShapeCompositeTester.sumOfSqhareAndCircle (39 ms)
[ RUN      ] ShapeCompositeTester.intersectionOfSqhareAndCircle
/tmp/tmpi1w2eavk/student/tests/shapesTests.cpp:376: Failure
Failed
Required classes not implemented not implemented!
[  FAILED  ] ShapeCompositeTester.intersectionOfSqhareAndCircle (6 ms)
[ RUN      ] ShapeCompositeTester.differenceOfSqhareAndCircle
/tmp/tmpi1w2eavk/student/tests/shapesTests.cpp:431: Failure
Failed
Required classes not implemented not implemented!
[  FAILED  ] ShapeCompositeTester.differenceOfSqhareAndCircle (3 ms)
[ RUN      ] ShapeCompositeTester.drawingHouse
/tmp/tmpi1w2eavk/student/tests/shapesTests.cpp:495: Failure
Failed
Required classes not implemented not implemented!
[  FAILED  ] ShapeCompositeTester.drawingHouse (3 ms)
[----------] 4 tests from ShapeCompositeTester (56 ms total)

[----------] Global test environment tear-down
[==========] 12 tests from 3 test suites ran. (186 ms total)
[  PASSED  ] 8 tests.
[  FAILED  ] 4 tests, listed below:
[  FAILED  ] ShapeCompositeTester.sumOfSqhareAndCircle
[  FAILED  ] ShapeCompositeTester.intersectionOfSqhareAndCircle
[  FAILED  ] ShapeCompositeTester.differenceOfSqhareAndCircle
[  FAILED  ] ShapeCompositeTester.drawingHouse

 4 FAILED TESTS
==174== 
==174== HEAP SUMMARY:
==174==     in use at exit: 0 bytes in 0 blocks
==174==   total heap usage: 508 allocs, 508 frees, 155,163 bytes allocated
==174== 
==174== All heap blocks were freed -- no leaks are possible
==174== 
==174== For lists of detected and suppressed errors, rerun with: -s
==174== ERROR SUMMARY: 0 errors from 0 contexts (suppressed: 0 from 0)
